#
# There is insufficient memory for the Java Runtime Environment to continue.
# Native memory allocation (mmap) failed to map 257949696 bytes for G1 virtual space
# Possible reasons:
#   The system is out of physical RAM or swap space
#   The process is running with CompressedOops enabled, and the Java Heap may be blocking the growth of the native heap
# Possible solutions:
#   Reduce memory load on the system
#   Increase physical memory or swap space
#   Check if swap backing store is full
#   Decrease Java heap size (-Xmx/-Xms)
#   Decrease number of Java threads
#   Decrease Java thread stack sizes (-Xss)
#   Set larger code cache with -XX:ReservedCodeCacheSize=
#   JVM is running with Zero Based Compressed Oops mode in which the Java heap is
#     placed in the first 32GB address space. The Java Heap base address is the
#     maximum limit for the native heap growth. Please use -XX:HeapBaseMinAddress
#     to set the Java Heap base and to place the Java Heap above 32GB virtual address.
# This output file may be truncated or incomplete.
#
#  Out of Memory Error (os_windows.cpp:3548), pid=19284, tid=19968
#
# JRE version:  (17.0.12+8) (build )
# Java VM: Java HotSpot(TM) 64-Bit Server VM (17.0.12+8-LTS-286, mixed mode, sharing, tiered, compressed oops, compressed class ptrs, g1 gc, windows-amd64)
# No core dump will be written. Minidumps are not enabled by default on client versions of Windows
#

---------------  S U M M A R Y ------------

Command Line: -Dnet.bytebuddy.agent.attacher.dump= net.bytebuddy.agent.Attacher com.sun.tools.attach.VirtualMachine 24128 C:\Users\d4rkM\.m2\repository\net\bytebuddy\byte-buddy-agent\1.17.8\byte-buddy-agent-1.17.8.jar false 

Host: AMD Ryzen 7 6800HS with Radeon Graphics         , 16 cores, 15G,  Windows 11 , 64 bit Build 26100 (10.0.26100.8521)
Time: Wed Jun 17 16:22:35 2026 Hora est. Pac璗ico, Sudam廨ica elapsed time: 2.031149 seconds (0d 0h 0m 2s)

---------------  T H R E A D  ---------------

Current thread (0x0000020262360e80):  JavaThread "Unknown thread" [_thread_in_vm, id=19968, stack(0x000000fa59f00000,0x000000fa5a000000)]

Stack: [0x000000fa59f00000,0x000000fa5a000000]
Native frames: (J=compiled Java code, j=interpreted, Vv=VM code, C=native code)
V  [jvm.dll+0x67a04a]
V  [jvm.dll+0x7da4ed]
V  [jvm.dll+0x7dbe33]
V  [jvm.dll+0x7dc4a3]
V  [jvm.dll+0x24508f]
V  [jvm.dll+0x677089]
V  [jvm.dll+0x66bd32]
V  [jvm.dll+0x301fa6]
V  [jvm.dll+0x309546]
V  [jvm.dll+0x359d2e]
V  [jvm.dll+0x359f5f]
V  [jvm.dll+0x2d9078]
V  [jvm.dll+0x2d9fe4]
V  [jvm.dll+0x7aca21]
V  [jvm.dll+0x367591]
V  [jvm.dll+0x78b999]
V  [jvm.dll+0x3ec83f]
V  [jvm.dll+0x3ee471]
C  [jli.dll+0x5297]
C  [ucrtbase.dll+0x2cd30]
C  [KERNEL32.DLL+0x2e957]
C  [ntdll.dll+0x87c1c]


---------------  P R O C E S S  ---------------

Threads class SMR info:
_java_thread_list=0x00007ffc18757a18, length=0, elements={
}

Java Threads: ( => current thread )

Other Threads:
  0x00000202623cc8b0 GCTaskThread "GC Thread#0" [stack: 0x000000fa5a000000,0x000000fa5a100000] [id=27584]
  0x00000202623ddb50 ConcurrentGCThread "G1 Main Marker" [stack: 0x000000fa5a100000,0x000000fa5a200000] [id=26776]
  0x00000202623df130 ConcurrentGCThread "G1 Conc#0" [stack: 0x000000fa5a200000,0x000000fa5a300000] [id=7396]

[error occurred during error reporting (printing all threads), id 0xc0000005, EXCEPTION_ACCESS_VIOLATION (0xc0000005) at pc=0x00007ffc17f89b67]

VM state: not at safepoint (not fully initialized)

VM Mutex/Monitor currently owned by a thread:  ([mutex/lock_event])
[0x000002026235c510] Heap_lock - owner thread: 0x0000020262360e80

Heap address: 0x000000070bc00000, size: 3908 MB, Compressed Oops mode: Zero based, Oop shift amount: 3

CDS archive(s) mapped at: [0x0000000000000000-0x0000000000000000-0x0000000000000000), size 0, SharedBaseAddress: 0x0000000800000000, ArchiveRelocationMode: 1.
Narrow klass base: 0x0000000000000000, Narrow klass shift: 0, Narrow klass range: 0x0

GC Precious Log:
<Empty>

Heap:
 garbage-first heap   total 0K, used 0K [0x000000070bc00000, 0x0000000800000000)
  region size 2048K, 0 young (0K), 0 survivors (0K)

[error occurred during error reporting (printing heap information), id 0xc0000005, EXCEPTION_ACCESS_VIOLATION (0xc0000005) at pc=0x00007ffc18373859]

GC Heap History (0 events):
No events

Deoptimization events (0 events):
No events

Classes unloaded (0 events):
No events

Classes redefined (0 events):
No events

Internal exceptions (0 events):
No events

VM Operations (0 events):
No events

Events (1 events):
Event: 0.010 Loaded shared library C:\Program Files\Java\jdk-17\bin\java.dll


Dynamic libraries:
0x00007ff645fe0000 - 0x00007ff645ff0000 	C:\Program Files\Java\jdk-17\bin\java.exe
0x00007ffcc91e0000 - 0x00007ffcc9446000 	C:\WINDOWS\SYSTEM32\ntdll.dll
0x00007ffcc7c50000 - 0x00007ffcc7d19000 	C:\WINDOWS\System32\KERNEL32.DLL
0x00007ffcc6aa0000 - 0x00007ffcc6e9a000 	C:\WINDOWS\System32\KERNELBASE.dll
0x00007ffcc67e0000 - 0x00007ffcc692c000 	C:\WINDOWS\System32\ucrtbase.dll
0x00007ffcc2cb0000 - 0x00007ffcc2cc9000 	C:\Program Files\Java\jdk-17\bin\jli.dll
0x00007ffcb9dc0000 - 0x00007ffcb9ddb000 	C:\Program Files\Java\jdk-17\bin\VCRUNTIME140.dll
0x00007ffcc8900000 - 0x00007ffcc89b6000 	C:\WINDOWS\System32\ADVAPI32.dll
0x00007ffcc6f50000 - 0x00007ffcc6ff9000 	C:\WINDOWS\System32\msvcrt.dll
0x00007ffcc7130000 - 0x00007ffcc71da000 	C:\WINDOWS\System32\sechost.dll
0x00007ffcc7950000 - 0x00007ffcc7a68000 	C:\WINDOWS\System32\RPCRT4.dll
0x00007ffcc7d20000 - 0x00007ffcc7ee7000 	C:\WINDOWS\System32\USER32.dll
0x00007ffcc6930000 - 0x00007ffcc6957000 	C:\WINDOWS\System32\win32u.dll
0x00007ffcb9610000 - 0x00007ffcb98a2000 	C:\WINDOWS\WinSxS\amd64_microsoft.windows.common-controls_6595b64144ccf1df_6.0.26100.8521_none_3e08b75ce33403b3\COMCTL32.dll
0x00007ffcc7000000 - 0x00007ffcc702b000 	C:\WINDOWS\System32\GDI32.dll
0x00007ffcc6530000 - 0x00007ffcc665b000 	C:\WINDOWS\System32\gdi32full.dll
0x00007ffcc6960000 - 0x00007ffcc6a03000 	C:\WINDOWS\System32\msvcp_win.dll
0x00007ffcbef80000 - 0x00007ffcbef8b000 	C:\WINDOWS\SYSTEM32\VERSION.dll
0x00007ffcc8a40000 - 0x00007ffcc8a72000 	C:\WINDOWS\System32\IMM32.DLL
0x00007ffcb8eb0000 - 0x00007ffcb8ebc000 	C:\Program Files\Java\jdk-17\bin\vcruntime140_1.dll
0x00007ffc673d0000 - 0x00007ffc6745e000 	C:\Program Files\Java\jdk-17\bin\msvcp140.dll
0x00007ffc17ca0000 - 0x00007ffc18880000 	C:\Program Files\Java\jdk-17\bin\server\jvm.dll
0x00007ffcc7350000 - 0x00007ffcc7358000 	C:\WINDOWS\System32\PSAPI.DLL
0x00007ffca6490000 - 0x00007ffca649a000 	C:\WINDOWS\SYSTEM32\WSOCK32.dll
0x00007ffcbc750000 - 0x00007ffcbc786000 	C:\WINDOWS\SYSTEM32\WINMM.dll
0x00007ffcc71e0000 - 0x00007ffcc7260000 	C:\WINDOWS\System32\WS2_32.dll
0x00007ffcc5200000 - 0x00007ffcc521b000 	C:\WINDOWS\SYSTEM32\kernel.appcore.dll
0x00007ffcb8ea0000 - 0x00007ffcb8eaa000 	C:\Program Files\Java\jdk-17\bin\jimage.dll
0x00007ffcc3d00000 - 0x00007ffcc3f42000 	C:\WINDOWS\SYSTEM32\DBGHELP.DLL
0x00007ffcc8d90000 - 0x00007ffcc9113000 	C:\WINDOWS\System32\combase.dll
0x00007ffcc7a70000 - 0x00007ffcc7b49000 	C:\WINDOWS\System32\OLEAUT32.dll
0x00007ffc9cb00000 - 0x00007ffc9cb3b000 	C:\WINDOWS\SYSTEM32\dbgcore.DLL
0x00007ffcc6ea0000 - 0x00007ffcc6f48000 	C:\WINDOWS\System32\bcryptPrimitives.dll
0x00007ffcb8e70000 - 0x00007ffcb8e95000 	C:\Program Files\Java\jdk-17\bin\java.dll

dbghelp: loaded successfully - version: 4.0.5 - missing functions: none
symbol engine: initialized successfully - sym options: 0x614 - pdb path: .;C:\Program Files\Java\jdk-17\bin;C:\WINDOWS\SYSTEM32;C:\WINDOWS\WinSxS\amd64_microsoft.windows.common-controls_6595b64144ccf1df_6.0.26100.8521_none_3e08b75ce33403b3;C:\Program Files\Java\jdk-17\bin\server

VM Arguments:
jvm_args: -Dnet.bytebuddy.agent.attacher.dump= 
java_command: net.bytebuddy.agent.Attacher com.sun.tools.attach.VirtualMachine 24128 C:\Users\d4rkM\.m2\repository\net\bytebuddy\byte-buddy-agent\1.17.8\byte-buddy-agent-1.17.8.jar false 
java_class_path (initial): C:\Users\d4rkM\.m2\repository\net\bytebuddy\byte-buddy-agent\1.17.8\byte-buddy-agent-1.17.8.jar
Launcher Type: SUN_STANDARD

[Global flags]
     intx CICompilerCount                          = 12                                        {product} {ergonomic}
     uint ConcGCThreads                            = 3                                         {product} {ergonomic}
     uint G1ConcRefinementThreads                  = 13                                        {product} {ergonomic}
   size_t G1HeapRegionSize                         = 2097152                                   {product} {ergonomic}
    uintx GCDrainStackTargetSize                   = 64                                        {product} {ergonomic}
   size_t InitialHeapSize                          = 257949696                                 {product} {ergonomic}
   size_t MarkStackSize                            = 4194304                                   {product} {ergonomic}
   size_t MaxHeapSize                              = 4097835008                                {product} {ergonomic}
   size_t MinHeapDeltaBytes                        = 2097152                                   {product} {ergonomic}
   size_t MinHeapSize                              = 8388608                                   {product} {ergonomic}
    uintx NonNMethodCodeHeapSize                   = 7602480                                {pd product} {ergonomic}
    uintx NonProfiledCodeHeapSize                  = 122027880                              {pd product} {ergonomic}
    uintx ProfiledCodeHeapSize                     = 122027880                              {pd product} {ergonomic}
    uintx ReservedCodeCacheSize                    = 251658240                              {pd product} {ergonomic}
     bool SegmentedCodeCache                       = true                                      {product} {ergonomic}
   size_t SoftMaxHeapSize                          = 4097835008                             {manageable} {ergonomic}
     bool UseCompressedClassPointers               = true                           {product lp64_product} {ergonomic}
     bool UseCompressedOops                        = true                           {product lp64_product} {ergonomic}
     bool UseG1GC                                  = true                                      {product} {ergonomic}
     bool UseLargePagesIndividualAllocation        = false                                  {pd product} {ergonomic}

Logging:
Log output configuration:
 #0: stdout all=warning uptime,level,tags
 #1: stderr all=off uptime,level,tags

Environment Variables:
JAVA_HOME=C:\Program Files\Java\jdk-17
PATH=C:\Program Files\Java\jdk-17\bin;C:\Program Files\Eclipse Adoptium\jdk-25.0.3.9-hotspot\bin;C:\Program Files\Common Files\Oracle\Java\javapath;C:\app\d4rkM\product\21c\dbhomeXE\bin;C:\Program Files\Java\jdk-17\bin;C:\Windows\System32;C:\Windows;C:\Program Files\nodejs\;C:\WINDOWS\system32;C:\WINDOWS;C:\WINDOWS\System32\Wbem;C:\WINDOWS\System32\WindowsPowerShell\v1.0\;C:\WINDOWS\System32\OpenSSH\;C:\Program Files\Git\cmd;C:\Program Files\Docker\Docker\resources\bin;C:\Users\d4rkM\AppData\Local\Microsoft\WindowsApps;C:\Users\d4rkM\AppData\Local\Programs\Microsoft VS Code\bin;C:\Users\d4rkM\AppData\Local\GitHubDesktop\bin;C:\Users\d4rkM\Downloads\apache-maven-3.9.15\bin;
USERNAME=d4rkM
OS=Windows_NT
PROCESSOR_IDENTIFIER=AMD64 Family 25 Model 68 Stepping 1, AuthenticAMD



---------------  S Y S T E M  ---------------

OS:
 Windows 11 , 64 bit Build 26100 (10.0.26100.8521)
OS uptime: 0 days 1:08 hours
Hyper-V role detected

CPU: total 16 (initial active 16) (16 cores per cpu, 2 threads per core) family 25 model 68 stepping 1 microcode 0xa404102, cx8, cmov, fxsr, ht, mmx, 3dnowpref, sse, sse2, sse3, ssse3, sse4a, sse4.1, sse4.2, popcnt, lzcnt, tsc, tscinvbit, avx, avx2, aes, erms, clmul, bmi1, bmi2, adx, sha, fma, vzeroupper, clflush, clflushopt, hv

Memory: 4k page, system-wide physical 15628M (1277M free)
TotalPageFile size 23820M (AvailPageFile size 69M)
current process WorkingSet (physical memory assigned to process): 12M, peak: 12M
current process commit charge ("private bytes"): 71M, peak: 317M

vm_info: Java HotSpot(TM) 64-Bit Server VM (17.0.12+8-LTS-286) for windows-amd64 JRE (17.0.12+8-LTS-286), built on Jun  5 2024 06:46:59 by "mach5one" with MS VC++ 17.6 (VS2022)

END.
